SF:lib\core\network\connectivity_cubit.dart
DA:9,2
DA:10,5
DA:11,2
DA:13,1
DA:16,1
DA:17,2
DA:18,1
DA:21,1
DA:23,2
DA:24,1
LF:10
LH:10
end_of_record
SF:lib\core\services\image_service.dart
DA:12,1
DA:14,1
DA:15,1
DA:16,1
DA:17,3
DA:19,1
DA:25,2
DA:27,1
DA:29,1
DA:32,3
DA:35,0
DA:36,0
DA:40,2
DA:44,1
DA:45,1
DA:46,4
DA:47,1
DA:50,1
DA:51,1
DA:52,0
DA:54,0
DA:55,0
LF:22
LH:17
end_of_record
SF:lib\core\errors\failures.dart
DA:5,4
DA:7,0
DA:8,0
DA:12,1
DA:16,0
DA:20,3
LF:6
LH:3
end_of_record
SF:lib\features\pokemon_list\data\datasources\pokemon_local_data_source.dart
DA:16,0
DA:18,0
DA:21,0
DA:22,0
DA:23,0
DA:24,0
DA:26,0
DA:30,0
DA:33,0
DA:34,0
DA:35,0
DA:36,0
DA:38,0
DA:42,0
DA:45,0
DA:46,0
DA:47,0
DA:48,0
DA:53,0
DA:57,0
DA:60,0
DA:62,0
LF:22
LH:0
end_of_record
SF:lib\features\pokemon_list\data\datasources\pokemon_remote_data_source.dart
DA:14,0
DA:16,0
DA:19,0
DA:24,0
DA:25,0
DA:26,0
DA:27,0
DA:29,0
DA:33,0
DA:36,0
DA:37,0
DA:38,0
DA:39,0
DA:41,0
LF:14
LH:0
end_of_record
SF:lib\features\pokemon_list\data\models\pokemon_model.dart
DA:9,1
DA:21,0
DA:22,0
DA:23,0
DA:24,0
DA:26,0
DA:28,0
DA:29,0
DA:33,0
DA:34,0
DA:35,0
DA:36,0
DA:37,0
DA:38,0
DA:40,0
DA:41,0
DA:42,0
DA:43,0
DA:44,0
DA:45,0
DA:46,0
DA:47,0
DA:48,0
DA:49,0
DA:50,0
DA:55,0
DA:56,0
DA:57,0
DA:58,0
DA:59,0
DA:60,0
DA:61,0
DA:62,0
DA:63,0
DA:65,0
DA:66,0
DA:68,0
DA:69,0
DA:71,0
DA:76,0
DA:77,0
DA:78,0
DA:79,0
DA:80,0
DA:81,0
DA:82,0
DA:83,0
DA:84,0
DA:85,0
DA:86,0
LF:50
LH:1
end_of_record
SF:lib\features\pokemon_list\data\repositories\pokemon_repository_impl.dart
DA:14,1
DA:19,1
DA:25,2
DA:28,1
DA:29,1
DA:30,1
DA:31,3
DA:32,2
DA:41,2
DA:42,1
DA:46,2
DA:48,2
DA:50,2
DA:51,1
DA:54,0
DA:55,0
DA:57,0
DA:61,1
DA:62,0
DA:68,0
DA:72,0
DA:75,0
DA:77,0
DA:79,0
DA:82,0
DA:84,0
DA:85,0
DA:86,0
DA:88,0
DA:89,0
DA:92,0
DA:97,0
LF:32
LH:15
end_of_record
SF:lib\core\database\app_database.g.dart
DA:11,0
DA:62,0
DA:63,0
DA:64,0
DA:65,0
DA:66,0
DA:67,0
DA:68,0
DA:69,0
DA:70,0
DA:71,0
DA:72,0
DA:74,0
DA:75,0
DA:76,0
DA:79,0
DA:82,0
DA:83,0
DA:84,0
DA:85,0
DA:87,0
DA:88,0
DA:89,0
DA:91,0
DA:93,0
DA:94,0
DA:95,0
DA:97,0
DA:98,0
DA:99,0
DA:101,0
DA:102,0
DA:103,0
DA:105,0
DA:106,0
DA:107,0
DA:109,0
DA:110,0
DA:111,0
DA:113,0
DA:114,0
DA:115,0
DA:117,0
DA:118,0
DA:120,0
DA:121,0
DA:126,0
DA:127,0
DA:128,0
DA:130,0
DA:131,0
DA:132,0
DA:133,0
DA:134,0
DA:135,0
DA:136,0
DA:137,0
DA:138,0
DA:139,0
DA:140,0
DA:141,0
DA:142,0
DA:143,0
DA:144,0
DA:145,0
DA:146,0
DA:147,0
DA:148,0
DA:149,0
DA:153,0
DA:155,0
DA:169,0
DA:179,0
DA:181,0
DA:182,0
DA:183,0
DA:184,0
DA:185,0
DA:187,0
DA:188,0
DA:190,0
DA:191,0
DA:193,0
DA:194,0
DA:196,0
DA:197,0
DA:199,0
DA:200,0
DA:202,0
DA:206,0
DA:207,0
DA:208,0
DA:209,0
DA:210,0
DA:212,0
DA:214,0
DA:216,0
DA:218,0
DA:220,0
DA:221,0
DA:223,0
DA:224,0
DA:228,0
DA:230,0
DA:231,0
DA:232,0
DA:233,0
DA:234,0
DA:235,0
DA:236,0
DA:237,0
DA:238,0
DA:239,0
DA:240,0
DA:243,0
DA:245,0
DA:246,0
DA:247,0
DA:248,0
DA:249,0
DA:250,0
DA:251,0
DA:252,0
DA:253,0
DA:254,0
DA:255,0
DA:259,0
DA:269,0
DA:270,0
DA:271,0
DA:272,0
DA:273,0
DA:274,0
DA:275,0
DA:276,0
DA:277,0
DA:278,0
DA:280,0
DA:282,0
DA:283,0
DA:284,0
DA:285,0
DA:286,0
DA:287,0
DA:288,0
DA:289,0
DA:290,0
DA:291,0
DA:292,0
DA:293,0
DA:296,0
DA:297,0
DA:298,0
DA:299,0
DA:302,0
DA:303,0
DA:304,0
DA:305,0
DA:306,0
DA:307,0
DA:308,0
DA:309,0
DA:310,0
DA:311,0
DA:324,0
DA:335,0
DA:345,0
DA:346,0
DA:357,0
DA:358,0
DA:359,0
DA:360,0
DA:361,0
DA:362,0
DA:363,0
DA:364,0
DA:365,0
DA:366,0
DA:370,0
DA:380,0
DA:381,0
DA:382,0
DA:383,0
DA:384,0
DA:385,0
DA:386,0
DA:387,0
DA:388,0
DA:389,0
DA:393,0
DA:395,0
DA:396,0
DA:397,0
DA:399,0
DA:400,0
DA:402,0
DA:403,0
DA:405,0
DA:406,0
DA:408,0
DA:409,0
DA:411,0
DA:412,0
DA:414,0
DA:415,0
DA:417,0
DA:418,0
DA:420,0
DA:421,0
DA:426,0
DA:428,0
DA:429,0
DA:430,0
DA:431,0
DA:432,0
DA:433,0
DA:434,0
DA:435,0
DA:436,0
DA:437,0
DA:438,0
DA:439,0
DA:444,0
DA:446,0
DA:448,0
DA:449,0
DA:450,0
LF:227
LH:0
end_of_record
SF:lib\core\database\app_database.dart
DA:10,0
DA:11,0
DA:12,0
DA:15,0
DA:16,0
DA:17,0
DA:18,0
DA:19,0
DA:21,0
DA:23,0
DA:24,0
DA:29,0
DA:31,0
DA:35,0
DA:36,0
DA:37,0
DA:38,0
DA:39,0
LF:18
LH:0
end_of_record
SF:lib\core\network\api_client.dart
DA:6,0
DA:7,0
DA:8,0
DA:9,0
DA:12,0
DA:15,0
DA:19,0
DA:20,0
DA:21,0
DA:24,0
DA:25,0
DA:26,0
DA:27,0
DA:28,0
DA:30,0
DA:31,0
DA:33,0
DA:35,0
DA:38,0
DA:43,0
DA:44,0
DA:45,0
DA:46,0
DA:47,0
DA:50,0
DA:52,0
LF:26
LH:0
end_of_record
SF:lib\features\pokemon_list\domain\entities\pokemon.dart
DA:14,2
DA:25,1
DA:26,9
LF:3
LH:3
end_of_record
SF:lib\features\pokemon_list\presentation\bloc\pokemon_list_bloc.dart
DA:10,1
DA:11,1
DA:12,3
DA:19,3
DA:20,1
DA:21,1
DA:22,1
DA:24,2
DA:27,1
DA:31,2
DA:34,2
DA:35,2
DA:36,2
DA:37,1
DA:38,4
DA:39,3
DA:41,2
DA:47,0
DA:48,0
DA:49,0
DA:50,0
DA:53,0
DA:54,0
DA:55,0
DA:56,0
DA:57,0
DA:59,0
DA:60,0
DA:68,0
DA:72,1
DA:76,2
DA:79,2
DA:80,1
DA:81,0
DA:82,3
DA:84,2
DA:88,0
LF:37
LH:23
end_of_record
SF:lib\features\pokemon_list\presentation\bloc\pokemon_list_event.dart
DA:4,1
DA:6,0
DA:7,0
LF:3
LH:1
end_of_record
SF:lib\features\pokemon_list\presentation\bloc\pokemon_list_state.dart
DA:5,2
DA:7,1
DA:8,1
DA:19,1
DA:24,0
DA:28,0
DA:29,0
DA:30,0
DA:34,1
DA:35,3
DA:41,2
DA:43,1
DA:44,2
LF:13
LH:9
end_of_record
